2014-02-10 15:25:48,766 - ActivityParser - INFO - init Activity Parser finished
2014-02-10 15:25:48,767 - DealParser - INFO - init Deal Parser finished
2014-02-10 15:25:48,767 - PictureParser - INFO - init PictureParser finished
2014-02-10 15:25:48,788 - WebItemPipeline - INFO - init web item pipeline finished
2014-02-10 15:25:48,788 - ActivityItemPipeline - INFO - init activity item pipline finished
2014-02-10 15:25:48,798 - Worker - INFO - start worker
2014-02-10 15:25:50,255 - DealParser - INFO - deal parser start to handle
2014-02-10 15:25:50,489 - DealParser - INFO - deal parser start to handle
2014-02-10 15:25:50,489 - Worker - ERROR - extract error:'NoneType' object is not iterable
2014-02-10 15:25:51,297 - DealParser - INFO - deal parser start to handle
2014-02-10 15:25:52,104 - DealParser - INFO - deal parser start to handle
2014-02-10 15:25:52,900 - DealParser - INFO - deal parser start to handle
2014-02-10 15:25:52,901 - Worker - ERROR - extract error:'NoneType' object is not iterable
2014-02-10 15:25:53,715 - DealParser - INFO - deal parser start to handle
2014-02-10 15:25:54,993 - DealParser - INFO - deal parser start to handle
2014-02-10 15:25:55,306 - DealParser - INFO - deal parser start to handle
2014-02-10 15:25:56,109 - DealParser - INFO - deal parser start to handle
2014-02-10 15:25:56,908 - DealParser - INFO - deal parser start to handle
2014-02-10 15:25:57,697 - DealParser - INFO - deal parser start to handle
2014-02-10 15:25:57,697 - Worker - ERROR - extract error:'NoneType' object is not iterable
2014-02-10 15:25:58,588 - DealParser - INFO - deal parser start to handle
2014-02-10 15:25:59,997 - DealParser - INFO - deal parser start to handle
2014-02-10 15:26:00,111 - DealParser - INFO - deal parser start to handle
2014-02-10 15:26:00,981 - DealParser - INFO - deal parser start to handle
2014-02-10 15:26:01,724 - DealParser - INFO - deal parser start to handle
2014-02-10 15:26:02,528 - DealParser - INFO - deal parser start to handle
2014-02-10 15:26:03,322 - DealParser - INFO - deal parser start to handle
2014-02-10 15:26:04,589 - DealParser - INFO - deal parser start to handle
2014-02-10 15:26:04,911 - DealParser - INFO - deal parser start to handle
2014-02-10 15:26:04,911 - Worker - ERROR - extract error:'NoneType' object is not iterable
2014-02-10 15:26:05,696 - DealParser - INFO - deal parser start to handle
2014-02-10 15:26:06,513 - DealParser - INFO - deal parser start to handle
2014-02-10 15:26:07,295 - DealParser - INFO - deal parser start to handle
2014-02-10 15:26:08,115 - DealParser - INFO - deal parser start to handle
2014-02-10 15:26:09,249 - DealParser - INFO - deal parser start to handle
2014-02-10 15:26:09,710 - DealParser - INFO - deal parser start to handle
2014-02-10 15:26:10,530 - DealParser - INFO - deal parser start to handle
2014-02-10 15:26:11,328 - DealParser - INFO - deal parser start to handle
2014-02-10 15:26:12,124 - DealParser - INFO - deal parser start to handle
2014-02-10 15:26:12,925 - DealParser - INFO - deal parser start to handle
2014-02-10 15:28:18,699 - ActivityParser - INFO - init Activity Parser finished
2014-02-10 15:28:18,699 - DealParser - INFO - init Deal Parser finished
2014-02-10 15:28:18,699 - PictureParser - INFO - init PictureParser finished
2014-02-10 15:28:18,721 - WebItemPipeline - INFO - init web item pipeline finished
2014-02-10 15:28:18,721 - ActivityItemPipeline - INFO - init activity item pipline finished
2014-02-10 15:28:18,731 - Worker - INFO - start worker
2014-02-10 15:28:20,381 - DealParser - INFO - deal parser start to handle
2014-02-10 15:28:20,444 - DealParser - INFO - deal parser start to handle
2014-02-10 15:28:20,444 - Worker - ERROR - extract error:'NoneType' object is not iterable
2014-02-10 15:28:21,239 - DealParser - INFO - deal parser start to handle
2014-02-10 15:28:22,082 - DealParser - INFO - deal parser start to handle
2014-02-10 15:30:42,739 - ActivityParser - INFO - init Activity Parser finished
2014-02-10 15:30:42,740 - DealParser - INFO - init Deal Parser finished
2014-02-10 15:30:42,740 - PictureParser - INFO - init PictureParser finished
2014-02-10 15:30:42,761 - WebItemPipeline - INFO - init web item pipeline finished
2014-02-10 15:30:42,761 - ActivityItemPipeline - INFO - init activity item pipline finished
2014-02-10 15:30:42,771 - Worker - INFO - start worker
2014-02-10 15:30:44,191 - DealParser - INFO - deal parser start to handle
2014-02-10 15:30:44,470 - DealParser - INFO - deal parser start to handle
2014-02-10 15:30:44,470 - DealParser - WARNING - products is None, request url:http://www.228.com.cn/s/gz-wudaobalei/?j=1&p=1
2014-02-10 15:30:45,274 - DealParser - INFO - deal parser start to handle
2014-02-10 15:30:46,074 - DealParser - INFO - deal parser start to handle
2014-02-10 15:30:46,861 - DealParser - INFO - deal parser start to handle
2014-02-10 15:30:46,861 - DealParser - WARNING - products is None, request url:http://www.228.com.cn/s/gz-xiquzongyi/?j=1&p=1
2014-02-10 15:30:47,685 - DealParser - INFO - deal parser start to handle
2014-02-10 15:30:48,906 - DealParser - INFO - deal parser start to handle
2014-02-10 15:30:49,256 - DealParser - INFO - deal parser start to handle
2014-02-10 15:30:50,080 - DealParser - INFO - deal parser start to handle
2014-02-10 15:30:50,910 - DealParser - INFO - deal parser start to handle
2014-02-10 15:30:51,671 - DealParser - INFO - deal parser start to handle
2014-02-10 15:30:51,671 - DealParser - WARNING - products is None, request url:http://www.228.com.cn/s/sz-xiquzongyi/?j=1&p=1
2014-02-10 15:30:52,536 - DealParser - INFO - deal parser start to handle
2014-02-10 15:30:53,956 - DealParser - INFO - deal parser start to handle
2014-02-10 15:30:54,078 - DealParser - INFO - deal parser start to handle
2014-02-10 15:30:54,902 - DealParser - INFO - deal parser start to handle
2014-02-10 15:30:55,718 - DealParser - INFO - deal parser start to handle
2014-02-10 15:30:56,498 - DealParser - INFO - deal parser start to handle
2014-02-10 15:30:57,296 - DealParser - INFO - deal parser start to handle
2014-02-10 15:30:58,569 - DealParser - INFO - deal parser start to handle
2014-02-10 15:30:58,884 - DealParser - INFO - deal parser start to handle
2014-02-10 15:30:58,884 - DealParser - WARNING - products is None, request url:http://www.228.com.cn/s/cd-wudaobalei/?j=1&p=1
2014-02-10 15:30:59,695 - DealParser - INFO - deal parser start to handle
2014-02-10 15:31:00,493 - DealParser - INFO - deal parser start to handle
2014-02-10 15:31:01,283 - DealParser - INFO - deal parser start to handle
2014-02-10 15:31:02,108 - DealParser - INFO - deal parser start to handle
2014-02-10 15:31:03,214 - DealParser - INFO - deal parser start to handle
2014-02-10 15:31:03,717 - DealParser - INFO - deal parser start to handle
2014-02-10 15:31:04,517 - DealParser - INFO - deal parser start to handle
2014-02-10 15:31:05,318 - DealParser - INFO - deal parser start to handle
2014-02-10 15:31:06,115 - DealParser - INFO - deal parser start to handle
2014-02-10 15:31:06,883 - DealParser - INFO - deal parser start to handle
2014-02-10 15:31:16,665 - DealParser - INFO - deal parser start to handle
2014-02-10 15:31:40,686 - DealParser - INFO - deal parser start to handle
2014-02-10 15:31:51,078 - DealParser - INFO - deal parser start to handle
2014-02-10 15:32:00,101 - DealParser - INFO - deal parser start to handle
2014-02-10 15:32:17,085 - DealParser - INFO - deal parser start to handle
2014-02-10 15:32:34,685 - DealParser - INFO - deal parser start to handle
2014-02-10 15:32:43,526 - DealParser - INFO - deal parser start to handle
2014-02-10 15:32:52,292 - DealParser - INFO - deal parser start to handle
2014-02-10 15:33:01,075 - DealParser - INFO - deal parser start to handle
2014-02-10 15:33:25,938 - DealParser - INFO - deal parser start to handle
2014-02-10 15:33:38,729 - DealParser - INFO - deal parser start to handle
2014-02-10 15:33:47,560 - DealParser - INFO - deal parser start to handle
2014-02-10 15:33:56,355 - DealParser - INFO - deal parser start to handle
2014-02-10 15:34:05,168 - DealParser - INFO - deal parser start to handle
2014-02-10 15:34:20,388 - DealParser - INFO - deal parser start to handle
2014-02-10 15:34:49,218 - DealParser - INFO - deal parser start to handle
2014-02-10 15:35:30,892 - DealParser - INFO - deal parser start to handle
2014-02-10 15:35:51,702 - DealParser - INFO - deal parser start to handle
2014-02-10 15:36:08,537 - DealParser - INFO - deal parser start to handle
2014-02-10 15:36:25,334 - DealParser - INFO - deal parser start to handle
2014-02-10 15:36:58,223 - DealParser - INFO - deal parser start to handle
2014-02-10 15:37:16,607 - DealParser - INFO - deal parser start to handle
2014-02-10 15:37:33,412 - DealParser - INFO - deal parser start to handle
2014-02-10 15:37:50,228 - DealParser - INFO - deal parser start to handle
2014-02-10 15:38:07,041 - DealParser - INFO - deal parser start to handle
2014-02-10 15:38:16,652 - DealParser - INFO - deal parser start to handle
2014-02-10 15:38:39,895 - DealParser - INFO - deal parser start to handle
2014-02-10 15:38:56,716 - DealParser - INFO - deal parser start to handle
2014-02-10 15:39:11,160 - DealParser - INFO - deal parser start to handle
2014-02-10 15:39:27,964 - DealParser - INFO - deal parser start to handle
2014-02-10 15:39:46,413 - DealParser - INFO - deal parser start to handle
2014-02-10 15:40:03,226 - DealParser - INFO - deal parser start to handle
2014-02-10 15:40:20,051 - DealParser - INFO - deal parser start to handle
2014-02-10 15:40:36,856 - DealParser - INFO - deal parser start to handle
2014-02-10 15:40:56,090 - DealParser - INFO - deal parser start to handle
2014-02-10 15:41:08,076 - DealParser - INFO - deal parser start to handle
2014-02-10 15:41:29,726 - DealParser - INFO - deal parser start to handle
2014-02-10 15:41:46,536 - DealParser - INFO - deal parser start to handle
2014-02-10 15:42:03,363 - DealParser - INFO - deal parser start to handle
2014-02-10 15:42:20,178 - DealParser - INFO - deal parser start to handle
2014-02-10 15:42:37,014 - DealParser - INFO - deal parser start to handle
2014-02-10 15:42:50,607 - DealParser - INFO - deal parser start to handle
2014-02-10 15:43:09,917 - DealParser - INFO - deal parser start to handle
2014-02-10 15:43:26,739 - DealParser - INFO - deal parser start to handle
2014-02-10 15:43:39,579 - DealParser - INFO - deal parser start to handle
2014-02-10 15:43:56,381 - DealParser - INFO - deal parser start to handle
2014-02-10 15:44:21,200 - DealParser - INFO - deal parser start to handle
2014-02-10 15:44:42,085 - DealParser - INFO - deal parser start to handle
2014-02-10 15:44:50,835 - DealParser - INFO - deal parser start to handle
2014-02-10 15:45:19,717 - DealParser - INFO - deal parser start to handle
2014-02-10 15:45:32,495 - DealParser - INFO - deal parser start to handle
2014-02-10 15:45:41,332 - DealParser - INFO - deal parser start to handle
2014-02-10 15:46:05,205 - Worker - INFO - stop worker
